2023-06-06 15:48:23,000 p=7053 u=shama n=ansible | - Role roles/set_up_kubernetes_yaml_file was created successfully
2023-06-06 16:18:32,465 p=9225 u=shama n=ansible | ERROR! We were unable to read either as JSON nor YAML, these are the errors we got from each:
JSON: Expecting value: line 1 column 1 (char 0)

Syntax Error while loading YAML.
  but found another document

The error appears to be in '/home/shama/Desktop/ansible_ci-cd/roles/set_up_kubernetes_yaml_file/tasks/main.yml': line 2, column 1, but may
be elsewhere in the file depending on the exact syntax problem.

The offending line appears to be:

---
---
^ here

2023-06-06 16:18:45,806 p=9271 u=shama n=ansible | [WARNING]: Could not match supplied host pattern, ignoring: server

2023-06-06 16:18:45,807 p=9271 u=shama n=ansible | PLAY [run net plan] *********************************************************************************************************************************************************************************
2023-06-06 16:18:45,807 p=9271 u=shama n=ansible | skipping: no hosts matched
2023-06-06 16:18:45,807 p=9271 u=shama n=ansible | PLAY RECAP ******************************************************************************************************************************************************************************************
2023-06-06 16:19:09,764 p=9320 u=shama n=ansible | PLAY [run net plan] *********************************************************************************************************************************************************************************
2023-06-06 16:19:10,646 p=9320 u=shama n=ansible | TASK [Gathering Facts] ******************************************************************************************************************************************************************************
2023-06-06 16:19:19,608 p=9320 u=shama n=ansible | fatal: [ismoil_server]: UNREACHABLE! => {"changed": false, "msg": "Invalid/incorrect password: no such identity: /home/shama/.ssh/id_rsa.pem: No such file or directory\r\nPermission denied, please try again.", "unreachable": true}
2023-06-06 16:19:19,609 p=9320 u=shama n=ansible | PLAY RECAP ******************************************************************************************************************************************************************************************
2023-06-06 16:19:19,609 p=9320 u=shama n=ansible | ismoil_server              : ok=0    changed=0    unreachable=1    failed=0    skipped=0    rescued=0    ignored=0   
2023-06-06 16:19:55,840 p=9421 u=shama n=ansible | PLAY [run net plan] *********************************************************************************************************************************************************************************
2023-06-06 16:19:55,848 p=9421 u=shama n=ansible | TASK [Gathering Facts] ******************************************************************************************************************************************************************************
2023-06-06 16:20:09,764 p=9421 u=shama n=ansible | ok: [ismoil_server]
2023-06-06 16:20:09,791 p=9421 u=shama n=ansible | TASK [set_up_kubernetes_yaml_file : create kubectl file] ********************************************************************************************************************************************
2023-06-06 16:20:09,806 p=9421 u=shama n=ansible | fatal: [ismoil_server]: FAILED! => {"msg": "The task includes an option with an undefined variable. The error was: 'list object' has no attribute 'deployment_name'. 'list object' has no attribute 'deployment_name'\n\nThe error appears to be in '/home/shama/Desktop/ansible_ci-cd/roles/set_up_kubernetes_yaml_file/tasks/main.yml': line 2, column 3, but may\nbe elsewhere in the file depending on the exact syntax problem.\n\nThe offending line appears to be:\n\n---\n- name: create kubectl file\n  ^ here\n"}
2023-06-06 16:20:09,809 p=9421 u=shama n=ansible | PLAY RECAP ******************************************************************************************************************************************************************************************
2023-06-06 16:20:09,810 p=9421 u=shama n=ansible | ismoil_server              : ok=1    changed=0    unreachable=0    failed=1    skipped=0    rescued=0    ignored=0   
2023-06-06 16:22:08,290 p=9615 u=shama n=ansible | PLAY [run net plan] *********************************************************************************************************************************************************************************
2023-06-06 16:22:08,298 p=9615 u=shama n=ansible | TASK [Gathering Facts] ******************************************************************************************************************************************************************************
2023-06-06 16:22:27,440 p=9615 u=shama n=ansible | ok: [ismoil_server]
2023-06-06 16:22:27,459 p=9615 u=shama n=ansible | TASK [set_up_kubernetes_yaml_file : create kubectl file] ********************************************************************************************************************************************
2023-06-06 16:22:28,571 p=9615 u=shama n=ansible | An exception occurred during task execution. To see the full traceback, use -vvv. The error was: ansible.errors.AnsibleUndefinedVariable: 'list object' has no attribute 'name'. 'list object' has no attribute 'name'
2023-06-06 16:22:28,572 p=9615 u=shama n=ansible | fatal: [ismoil_server]: FAILED! => {"changed": false, "msg": "AnsibleUndefinedVariable: 'list object' has no attribute 'name'. 'list object' has no attribute 'name'"}
2023-06-06 16:22:28,574 p=9615 u=shama n=ansible | PLAY RECAP ******************************************************************************************************************************************************************************************
2023-06-06 16:22:28,575 p=9615 u=shama n=ansible | ismoil_server              : ok=1    changed=0    unreachable=0    failed=1    skipped=0    rescued=0    ignored=0   
2023-06-06 16:24:44,133 p=9836 u=shama n=ansible | PLAY [run net plan] *********************************************************************************************************************************************************************************
2023-06-06 16:24:44,141 p=9836 u=shama n=ansible | TASK [Gathering Facts] ******************************************************************************************************************************************************************************
2023-06-06 16:25:04,524 p=9836 u=shama n=ansible | ok: [ismoil_server]
2023-06-06 16:25:04,543 p=9836 u=shama n=ansible | TASK [set_up_kubernetes_yaml_file : create kubectl file] ********************************************************************************************************************************************
2023-06-06 16:25:05,781 p=9836 u=shama n=ansible | An exception occurred during task execution. To see the full traceback, use -vvv. The error was: ansible.errors.AnsibleUndefinedVariable: 'list object' has no attribute 'name'. 'list object' has no attribute 'name'
2023-06-06 16:25:05,782 p=9836 u=shama n=ansible | fatal: [ismoil_server]: FAILED! => {"changed": false, "msg": "AnsibleUndefinedVariable: 'list object' has no attribute 'name'. 'list object' has no attribute 'name'"}
2023-06-06 16:25:05,791 p=9836 u=shama n=ansible | PLAY RECAP ******************************************************************************************************************************************************************************************
2023-06-06 16:25:05,792 p=9836 u=shama n=ansible | ismoil_server              : ok=1    changed=0    unreachable=0    failed=1    skipped=0    rescued=0    ignored=0   
2023-06-06 16:26:14,082 p=10007 u=shama n=ansible | PLAY [run net plan] *********************************************************************************************************************************************************************************
2023-06-06 16:26:14,090 p=10007 u=shama n=ansible | TASK [Gathering Facts] ******************************************************************************************************************************************************************************
2023-06-06 16:26:30,791 p=10007 u=shama n=ansible | ok: [ismoil_server]
2023-06-06 16:26:30,810 p=10007 u=shama n=ansible | TASK [set_up_kubernetes_yaml_file : create kubectl file] ********************************************************************************************************************************************
2023-06-06 16:26:31,918 p=10007 u=shama n=ansible | An exception occurred during task execution. To see the full traceback, use -vvv. The error was: ansible.errors.AnsibleUndefinedVariable: 'dict object' has no attribute 'replicas'. 'dict object' has no attribute 'replicas'
2023-06-06 16:26:31,918 p=10007 u=shama n=ansible | fatal: [ismoil_server]: FAILED! => {"changed": false, "msg": "AnsibleUndefinedVariable: 'dict object' has no attribute 'replicas'. 'dict object' has no attribute 'replicas'"}
2023-06-06 16:26:31,921 p=10007 u=shama n=ansible | PLAY RECAP ******************************************************************************************************************************************************************************************
2023-06-06 16:26:31,921 p=10007 u=shama n=ansible | ismoil_server              : ok=1    changed=0    unreachable=0    failed=1    skipped=0    rescued=0    ignored=0   
2023-06-06 16:26:44,929 p=10145 u=shama n=ansible | PLAY [run net plan] *********************************************************************************************************************************************************************************
2023-06-06 16:26:44,937 p=10145 u=shama n=ansible | TASK [Gathering Facts] ******************************************************************************************************************************************************************************
2023-06-06 16:26:58,681 p=10145 u=shama n=ansible | ok: [ismoil_server]
2023-06-06 16:26:58,701 p=10145 u=shama n=ansible | TASK [set_up_kubernetes_yaml_file : create kubectl file] ********************************************************************************************************************************************
2023-06-06 16:27:00,042 p=10145 u=shama n=ansible | An exception occurred during task execution. To see the full traceback, use -vvv. The error was: ansible.errors.AnsibleUndefinedVariable: 'replicas' is undefined. 'replicas' is undefined
2023-06-06 16:27:00,043 p=10145 u=shama n=ansible | fatal: [ismoil_server]: FAILED! => {"changed": false, "msg": "AnsibleUndefinedVariable: 'replicas' is undefined. 'replicas' is undefined"}
2023-06-06 16:27:00,053 p=10145 u=shama n=ansible | PLAY RECAP ******************************************************************************************************************************************************************************************
2023-06-06 16:27:00,053 p=10145 u=shama n=ansible | ismoil_server              : ok=1    changed=0    unreachable=0    failed=1    skipped=0    rescued=0    ignored=0   
2023-06-06 16:27:33,142 p=10287 u=shama n=ansible | PLAY [run net plan] *********************************************************************************************************************************************************************************
2023-06-06 16:27:33,150 p=10287 u=shama n=ansible | TASK [Gathering Facts] ******************************************************************************************************************************************************************************
2023-06-06 16:27:49,960 p=10287 u=shama n=ansible | ok: [ismoil_server]
2023-06-06 16:27:49,978 p=10287 u=shama n=ansible | TASK [set_up_kubernetes_yaml_file : create kubectl file] ********************************************************************************************************************************************
2023-06-06 16:27:51,061 p=10287 u=shama n=ansible | An exception occurred during task execution. To see the full traceback, use -vvv. The error was: ansible.errors.AnsibleUndefinedVariable: 'replicas' is undefined. 'replicas' is undefined
2023-06-06 16:27:51,062 p=10287 u=shama n=ansible | fatal: [ismoil_server]: FAILED! => {"changed": false, "msg": "AnsibleUndefinedVariable: 'replicas' is undefined. 'replicas' is undefined"}
2023-06-06 16:27:51,063 p=10287 u=shama n=ansible | PLAY RECAP ******************************************************************************************************************************************************************************************
2023-06-06 16:27:51,063 p=10287 u=shama n=ansible | ismoil_server              : ok=1    changed=0    unreachable=0    failed=1    skipped=0    rescued=0    ignored=0   
2023-06-06 16:28:28,283 p=10441 u=shama n=ansible | PLAY [run net plan] *********************************************************************************************************************************************************************************
2023-06-06 16:28:28,293 p=10441 u=shama n=ansible | TASK [Gathering Facts] ******************************************************************************************************************************************************************************
2023-06-06 16:28:40,450 p=10441 u=shama n=ansible | ok: [ismoil_server]
2023-06-06 16:28:40,469 p=10441 u=shama n=ansible | TASK [set_up_kubernetes_yaml_file : create kubectl file] ********************************************************************************************************************************************
2023-06-06 16:28:41,779 p=10441 u=shama n=ansible | An exception occurred during task execution. To see the full traceback, use -vvv. The error was: ansible.errors.AnsibleUndefinedVariable: 'replicas' is undefined. 'replicas' is undefined
2023-06-06 16:28:41,780 p=10441 u=shama n=ansible | fatal: [ismoil_server]: FAILED! => {"changed": false, "msg": "AnsibleUndefinedVariable: 'replicas' is undefined. 'replicas' is undefined"}
2023-06-06 16:28:41,781 p=10441 u=shama n=ansible | PLAY RECAP ******************************************************************************************************************************************************************************************
2023-06-06 16:28:41,781 p=10441 u=shama n=ansible | ismoil_server              : ok=1    changed=0    unreachable=0    failed=1    skipped=0    rescued=0    ignored=0   
2023-06-06 16:29:13,620 p=10591 u=shama n=ansible | PLAY [run net plan] *********************************************************************************************************************************************************************************
2023-06-06 16:29:13,627 p=10591 u=shama n=ansible | TASK [Gathering Facts] ******************************************************************************************************************************************************************************
2023-06-06 16:29:28,767 p=10591 u=shama n=ansible | ok: [ismoil_server]
2023-06-06 16:29:28,786 p=10591 u=shama n=ansible | TASK [set_up_kubernetes_yaml_file : create kubectl file] ********************************************************************************************************************************************
2023-06-06 16:29:50,285 p=10591 u=shama n=ansible | changed: [ismoil_server]
2023-06-06 16:29:50,314 p=10591 u=shama n=ansible | PLAY RECAP ******************************************************************************************************************************************************************************************
2023-06-06 16:29:50,314 p=10591 u=shama n=ansible | ismoil_server              : ok=2    changed=1    unreachable=0    failed=0    skipped=0    rescued=0    ignored=0   
2023-06-06 16:33:01,555 p=10903 u=shama n=ansible | ERROR! unexpected parameter type in action: <class 'ansible.parsing.yaml.objects.AnsibleSequence'>

The error appears to be in '/home/shama/Desktop/ansible_ci-cd/roles/set_up_kubernetes_yaml_file/tasks/main.yml': line 2, column 3, but may
be elsewhere in the file depending on the exact syntax problem.

The offending line appears to be:

---
- name: create kubectl file
  ^ here

2023-06-06 16:33:19,303 p=10950 u=shama n=ansible | PLAY [run net plan] *********************************************************************************************************************************************************************************
2023-06-06 16:33:19,311 p=10950 u=shama n=ansible | TASK [Gathering Facts] ******************************************************************************************************************************************************************************
2023-06-06 16:33:37,006 p=10950 u=shama n=ansible | ok: [ismoil_server]
2023-06-06 16:33:37,027 p=10950 u=shama n=ansible | TASK [set_up_kubernetes_yaml_file : create kubectl file] ********************************************************************************************************************************************
2023-06-06 16:33:37,042 p=10950 u=shama n=ansible | fatal: [ismoil_server]: FAILED! => {"msg": "The task includes an option with an undefined variable. The error was: 'deployment_name' is undefined. 'deployment_name' is undefined\n\nThe error appears to be in '/home/shama/Desktop/ansible_ci-cd/roles/set_up_kubernetes_yaml_file/tasks/main.yml': line 2, column 3, but may\nbe elsewhere in the file depending on the exact syntax problem.\n\nThe offending line appears to be:\n\n---\n- name: create kubectl file\n  ^ here\n"}
2023-06-06 16:33:37,043 p=10950 u=shama n=ansible | PLAY RECAP ******************************************************************************************************************************************************************************************
2023-06-06 16:33:37,044 p=10950 u=shama n=ansible | ismoil_server              : ok=1    changed=0    unreachable=0    failed=1    skipped=0    rescued=0    ignored=0   
2023-06-06 16:38:55,929 p=11204 u=shama n=ansible | - Role roles/create_nginx_file was created successfully
2023-06-06 16:46:58,195 p=11580 u=shama n=ansible | ERROR! - the directory ./roles/create_nginx_file already exists. You can use --force to re-initialize this directory,
however it will reset any main.yml files that may have
been modified there already.
2023-06-06 16:47:04,843 p=11613 u=shama n=ansible | PLAY [run net plan] *********************************************************************************************************************************************************************************
2023-06-06 16:47:04,851 p=11613 u=shama n=ansible | TASK [Gathering Facts] ******************************************************************************************************************************************************************************
2023-06-06 16:47:22,033 p=11613 u=shama n=ansible | ok: [ismoil_server]
2023-06-06 16:47:22,052 p=11613 u=shama n=ansible | TASK [create_nginx_file : create nginx file] ********************************************************************************************************************************************************
2023-06-06 16:47:23,160 p=11613 u=shama n=ansible | An exception occurred during task execution. To see the full traceback, use -vvv. The error was: If you are using a module and expect the file to exist on the remote, see the remote_src option
2023-06-06 16:47:23,161 p=11613 u=shama n=ansible | fatal: [ismoil_server]: FAILED! => {"changed": false, "msg": "Could not find or access '40-additional.yaml.j2'\nSearched in:\n\t/home/shama/Desktop/ansible_ci-cd/roles/create_nginx_file/templates/40-additional.yaml.j2\n\t/home/shama/Desktop/ansible_ci-cd/roles/create_nginx_file/40-additional.yaml.j2\n\t/home/shama/Desktop/ansible_ci-cd/roles/create_nginx_file/tasks/templates/40-additional.yaml.j2\n\t/home/shama/Desktop/ansible_ci-cd/roles/create_nginx_file/tasks/40-additional.yaml.j2\n\t/home/shama/Desktop/ansible_ci-cd/templates/40-additional.yaml.j2\n\t/home/shama/Desktop/ansible_ci-cd/40-additional.yaml.j2 on the Ansible Controller.\nIf you are using a module and expect the file to exist on the remote, see the remote_src option"}
2023-06-06 16:47:23,169 p=11613 u=shama n=ansible | PLAY RECAP ******************************************************************************************************************************************************************************************
2023-06-06 16:47:23,169 p=11613 u=shama n=ansible | ismoil_server              : ok=1    changed=0    unreachable=0    failed=1    skipped=0    rescued=0    ignored=0   
2023-06-06 16:47:45,682 p=11760 u=shama n=ansible | PLAY [run net plan] *********************************************************************************************************************************************************************************
2023-06-06 16:47:45,690 p=11760 u=shama n=ansible | TASK [Gathering Facts] ******************************************************************************************************************************************************************************
2023-06-06 16:48:00,736 p=11760 u=shama n=ansible | ok: [ismoil_server]
2023-06-06 16:48:00,755 p=11760 u=shama n=ansible | TASK [create_nginx_file : create nginx file] ********************************************************************************************************************************************************
2023-06-06 16:48:01,869 p=11760 u=shama n=ansible | An exception occurred during task execution. To see the full traceback, use -vvv. The error was: ansible.errors.AnsibleUndefinedVariable: 'dict object' has no attribute 'port'. 'dict object' has no attribute 'port'
2023-06-06 16:48:01,871 p=11760 u=shama n=ansible | fatal: [ismoil_server]: FAILED! => {"changed": false, "msg": "AnsibleUndefinedVariable: 'dict object' has no attribute 'port'. 'dict object' has no attribute 'port'"}
2023-06-06 16:48:01,873 p=11760 u=shama n=ansible | PLAY RECAP ******************************************************************************************************************************************************************************************
2023-06-06 16:48:01,874 p=11760 u=shama n=ansible | ismoil_server              : ok=1    changed=0    unreachable=0    failed=1    skipped=0    rescued=0    ignored=0   
2023-06-06 16:48:37,339 p=11925 u=shama n=ansible | PLAY [run net plan] *********************************************************************************************************************************************************************************
2023-06-06 16:48:37,348 p=11925 u=shama n=ansible | TASK [Gathering Facts] ******************************************************************************************************************************************************************************
2023-06-06 16:48:52,690 p=11925 u=shama n=ansible | ok: [ismoil_server]
2023-06-06 16:48:52,709 p=11925 u=shama n=ansible | TASK [create_nginx_file : create nginx file] ********************************************************************************************************************************************************
2023-06-06 16:48:53,807 p=11925 u=shama n=ansible | An exception occurred during task execution. To see the full traceback, use -vvv. The error was: ansible.errors.AnsibleUndefinedVariable: 'dict object' has no attribute 'port'. 'dict object' has no attribute 'port'
2023-06-06 16:48:53,807 p=11925 u=shama n=ansible | fatal: [ismoil_server]: FAILED! => {"changed": false, "msg": "AnsibleUndefinedVariable: 'dict object' has no attribute 'port'. 'dict object' has no attribute 'port'"}
2023-06-06 16:48:53,808 p=11925 u=shama n=ansible | PLAY RECAP ******************************************************************************************************************************************************************************************
2023-06-06 16:48:53,808 p=11925 u=shama n=ansible | ismoil_server              : ok=1    changed=0    unreachable=0    failed=1    skipped=0    rescued=0    ignored=0   
2023-06-06 16:49:35,914 p=12080 u=shama n=ansible | PLAY [run net plan] *********************************************************************************************************************************************************************************
2023-06-06 16:49:35,921 p=12080 u=shama n=ansible | TASK [Gathering Facts] ******************************************************************************************************************************************************************************
2023-06-06 16:49:49,725 p=12080 u=shama n=ansible | ok: [ismoil_server]
2023-06-06 16:49:49,743 p=12080 u=shama n=ansible | TASK [create_nginx_file : create nginx file] ********************************************************************************************************************************************************
2023-06-06 16:50:07,006 p=12080 u=shama n=ansible | changed: [ismoil_server]
2023-06-06 16:50:07,038 p=12080 u=shama n=ansible | PLAY RECAP ******************************************************************************************************************************************************************************************
2023-06-06 16:50:07,038 p=12080 u=shama n=ansible | ismoil_server              : ok=2    changed=1    unreachable=0    failed=0    skipped=0    rescued=0    ignored=0   
2023-06-06 16:52:27,493 p=12373 u=shama n=ansible | - Role roles/create_symbolic_link was created successfully
2023-06-06 16:55:31,166 p=12601 u=shama n=ansible | PLAY [run net plan] *********************************************************************************************************************************************************************************
2023-06-06 16:55:31,174 p=12601 u=shama n=ansible | TASK [Gathering Facts] ******************************************************************************************************************************************************************************
2023-06-06 16:55:47,977 p=12601 u=shama n=ansible | ok: [ismoil_server]
2023-06-06 16:55:47,997 p=12601 u=shama n=ansible | TASK [create_symbolic_link : create a symbolic-link for nginx file] *********************************************************************************************************************************
2023-06-06 16:55:57,304 p=12601 u=shama n=ansible | changed: [ismoil_server]
2023-06-06 16:55:57,360 p=12601 u=shama n=ansible | PLAY RECAP ******************************************************************************************************************************************************************************************
2023-06-06 16:55:57,360 p=12601 u=shama n=ansible | ismoil_server              : ok=2    changed=1    unreachable=0    failed=0    skipped=0    rescued=0    ignored=0   
2023-06-06 16:57:57,469 p=12843 u=shama n=ansible | - Role roles/restart_nginx was created successfully
2023-06-06 16:59:38,388 p=12977 u=shama n=ansible | PLAY [ansible playbook] *****************************************************************************************************************************************************************************
2023-06-06 16:59:38,396 p=12977 u=shama n=ansible | TASK [Gathering Facts] ******************************************************************************************************************************************************************************
2023-06-06 16:59:52,556 p=12977 u=shama n=ansible | ok: [ismoil_server]
2023-06-06 16:59:52,575 p=12977 u=shama n=ansible | TASK [restart_nginx : Restart Nginx service] ********************************************************************************************************************************************************
2023-06-06 16:59:59,681 p=12977 u=shama n=ansible | changed: [ismoil_server]
2023-06-06 16:59:59,711 p=12977 u=shama n=ansible | PLAY RECAP ******************************************************************************************************************************************************************************************
2023-06-06 16:59:59,711 p=12977 u=shama n=ansible | ismoil_server              : ok=2    changed=1    unreachable=0    failed=0    skipped=0    rescued=0    ignored=0   
2023-06-06 17:01:39,951 p=13274 u=shama n=ansible | - Role roles/restart_yaml_file was created successfully
2023-06-06 17:13:19,234 p=14199 u=shama n=ansible | PLAY [ansible playbook] *****************************************************************************************************************************************************************************
2023-06-06 17:13:19,242 p=14199 u=shama n=ansible | TASK [Gathering Facts] ******************************************************************************************************************************************************************************
2023-06-06 17:13:37,304 p=14199 u=shama n=ansible | ok: [ismoil_server]
2023-06-06 17:13:37,323 p=14199 u=shama n=ansible | TASK [restart_yaml_file : delete deployment.yaml] ***************************************************************************************************************************************************
2023-06-06 17:13:44,896 p=14199 u=shama n=ansible | fatal: [ismoil_server]: FAILED! => {"changed": true, "cmd": ["kubectl", "delete", "-f", "deployment.yaml.yaml"], "delta": "0:00:00.195716", "end": "2023-06-06 07:13:32.284584", "msg": "non-zero return code", "rc": 1, "start": "2023-06-06 07:13:32.088868", "stderr": "error: the path \"deployment.yaml.yaml\" does not exist", "stderr_lines": ["error: the path \"deployment.yaml.yaml\" does not exist"], "stdout": "", "stdout_lines": []}
2023-06-06 17:13:44,896 p=14199 u=shama n=ansible | PLAY RECAP ******************************************************************************************************************************************************************************************
2023-06-06 17:13:44,897 p=14199 u=shama n=ansible | ismoil_server              : ok=1    changed=0    unreachable=0    failed=1    skipped=0    rescued=0    ignored=0   
2023-06-06 17:15:27,958 p=14449 u=shama n=ansible | ERROR! - the directory ./roles/restart_yaml_file already exists. You can use --force to re-initialize this directory,
however it will reset any main.yml files that may have
been modified there already.
2023-06-06 17:15:30,327 p=14469 u=shama n=ansible | ERROR! - the directory ./roles/restart_yaml_file already exists. You can use --force to re-initialize this directory,
however it will reset any main.yml files that may have
been modified there already.
2023-06-06 17:15:32,421 p=14475 u=shama n=ansible | ERROR! conflicting action statements: command, chdir

The error appears to be in '/home/shama/Desktop/ansible_ci-cd/roles/restart_yaml_file/tasks/main.yml': line 2, column 3, but may
be elsewhere in the file depending on the exact syntax problem.

The offending line appears to be:

---
- name:  delete deployment.yaml
  ^ here

2023-06-06 17:15:39,792 p=14511 u=shama n=ansible | ERROR! conflicting action statements: chdir, command

The error appears to be in '/home/shama/Desktop/ansible_ci-cd/roles/restart_yaml_file/tasks/main.yml': line 2, column 3, but may
be elsewhere in the file depending on the exact syntax problem.

The offending line appears to be:

---
- name:  delete deployment.yaml
  ^ here

2023-06-06 17:16:02,414 p=14588 u=shama n=ansible | ERROR! conflicting action statements: chdir, command

The error appears to be in '/home/shama/Desktop/ansible_ci-cd/roles/restart_yaml_file/tasks/main.yml': line 2, column 3, but may
be elsewhere in the file depending on the exact syntax problem.

The offending line appears to be:

---
- name:  delete deployment.yaml
  ^ here

2023-06-06 17:16:07,549 p=14607 u=shama n=ansible | ERROR! conflicting action statements: command, chdir

The error appears to be in '/home/shama/Desktop/ansible_ci-cd/roles/restart_yaml_file/tasks/main.yml': line 5, column 3, but may
be elsewhere in the file depending on the exact syntax problem.

The offending line appears to be:


- name:  apply deployment.yaml
  ^ here

2023-06-06 17:16:20,952 p=14649 u=shama n=ansible | PLAY [ansible playbook] *****************************************************************************************************************************************************************************
2023-06-06 17:16:20,961 p=14649 u=shama n=ansible | TASK [Gathering Facts] ******************************************************************************************************************************************************************************
2023-06-06 17:16:33,943 p=14649 u=shama n=ansible | ok: [ismoil_server]
2023-06-06 17:16:33,964 p=14649 u=shama n=ansible | TASK [restart_yaml_file : delete deployment.yaml] ***************************************************************************************************************************************************
2023-06-06 17:16:42,067 p=14649 u=shama n=ansible | fatal: [ismoil_server]: FAILED! => {"changed": false, "cmd": "/tmp kubectl delete -f deployment.yaml.yaml", "msg": "[Errno 13] Permission denied: b'/tmp'", "rc": 13, "stderr": "", "stderr_lines": [], "stdout": "", "stdout_lines": []}
2023-06-06 17:16:42,067 p=14649 u=shama n=ansible | PLAY RECAP ******************************************************************************************************************************************************************************************
2023-06-06 17:16:42,068 p=14649 u=shama n=ansible | ismoil_server              : ok=1    changed=0    unreachable=0    failed=1    skipped=0    rescued=0    ignored=0   
2023-06-06 17:17:33,222 p=14862 u=shama n=ansible | PLAY [ansible playbook] *****************************************************************************************************************************************************************************
2023-06-06 17:17:33,231 p=14862 u=shama n=ansible | TASK [Gathering Facts] ******************************************************************************************************************************************************************************
2023-06-06 17:17:51,377 p=14862 u=shama n=ansible | ok: [ismoil_server]
2023-06-06 17:17:51,398 p=14862 u=shama n=ansible | TASK [restart_yaml_file : delete deployment.yaml] ***************************************************************************************************************************************************
2023-06-06 17:18:00,514 p=14862 u=shama n=ansible | fatal: [ismoil_server]: FAILED! => {"changed": true, "cmd": ["kubectl", "delete", "-f", "deployment.yaml.yaml", "/tmp"], "delta": "0:00:00.210090", "end": "2023-06-06 07:17:47.928526", "msg": "non-zero return code", "rc": 1, "start": "2023-06-06 07:17:47.718436", "stderr": "the path \"deployment.yaml.yaml\" does not exist\narguments in resource/name form must have a single resource and name", "stderr_lines": ["the path \"deployment.yaml.yaml\" does not exist", "arguments in resource/name form must have a single resource and name"], "stdout": "", "stdout_lines": []}
2023-06-06 17:18:00,516 p=14862 u=shama n=ansible | PLAY RECAP ******************************************************************************************************************************************************************************************
2023-06-06 17:18:00,516 p=14862 u=shama n=ansible | ismoil_server              : ok=1    changed=0    unreachable=0    failed=1    skipped=0    rescued=0    ignored=0   
2023-06-06 17:18:19,560 p=15054 u=shama n=ansible | PLAY [ansible playbook] *****************************************************************************************************************************************************************************
2023-06-06 17:18:19,568 p=15054 u=shama n=ansible | TASK [Gathering Facts] ******************************************************************************************************************************************************************************
2023-06-06 17:18:33,450 p=15054 u=shama n=ansible | ok: [ismoil_server]
2023-06-06 17:18:33,469 p=15054 u=shama n=ansible | TASK [restart_yaml_file : delete deployment.yaml] ***************************************************************************************************************************************************
2023-06-06 17:18:41,393 p=15054 u=shama n=ansible | fatal: [ismoil_server]: FAILED! => {"changed": true, "cmd": ["kubectl", "delete", "-f", "deployment.yaml", "/tmp"], "delta": "0:00:00.173788", "end": "2023-06-06 07:18:28.792044", "msg": "non-zero return code", "rc": 1, "start": "2023-06-06 07:18:28.618256", "stderr": "the path \"deployment.yaml\" does not exist\narguments in resource/name form must have a single resource and name", "stderr_lines": ["the path \"deployment.yaml\" does not exist", "arguments in resource/name form must have a single resource and name"], "stdout": "", "stdout_lines": []}
2023-06-06 17:18:41,396 p=15054 u=shama n=ansible | PLAY RECAP ******************************************************************************************************************************************************************************************
2023-06-06 17:18:41,396 p=15054 u=shama n=ansible | ismoil_server              : ok=1    changed=0    unreachable=0    failed=1    skipped=0    rescued=0    ignored=0   
2023-06-06 17:19:28,220 p=15244 u=shama n=ansible | PLAY [ansible playbook] *****************************************************************************************************************************************************************************
2023-06-06 17:19:28,228 p=15244 u=shama n=ansible | TASK [Gathering Facts] ******************************************************************************************************************************************************************************
2023-06-06 17:19:40,503 p=15244 u=shama n=ansible | ok: [ismoil_server]
2023-06-06 17:19:40,522 p=15244 u=shama n=ansible | TASK [restart_yaml_file : delete deployment.yaml] ***************************************************************************************************************************************************
2023-06-06 17:19:50,646 p=15244 u=shama n=ansible | fatal: [ismoil_server]: FAILED! => {"changed": true, "cmd": ["kubectl", "delete", "-f", "deployment.yaml", "/home/ismoil/Projects"], "delta": "0:00:00.181188", "end": "2023-06-06 07:19:38.058245", "msg": "non-zero return code", "rc": 1, "start": "2023-06-06 07:19:37.877057", "stderr": "the path \"deployment.yaml\" does not exist\narguments in resource/name form may not have more than one slash", "stderr_lines": ["the path \"deployment.yaml\" does not exist", "arguments in resource/name form may not have more than one slash"], "stdout": "", "stdout_lines": []}
2023-06-06 17:19:50,647 p=15244 u=shama n=ansible | PLAY RECAP ******************************************************************************************************************************************************************************************
2023-06-06 17:19:50,647 p=15244 u=shama n=ansible | ismoil_server              : ok=1    changed=0    unreachable=0    failed=1    skipped=0    rescued=0    ignored=0   
2023-06-06 17:23:14,789 p=23412 u=shama n=ansible | PLAY [ansible playbook] *****************************************************************************************************************************************************************************
2023-06-06 17:23:14,798 p=23412 u=shama n=ansible | TASK [Gathering Facts] ******************************************************************************************************************************************************************************
2023-06-06 17:23:32,002 p=23412 u=shama n=ansible | ok: [ismoil_server]
2023-06-06 17:23:32,021 p=23412 u=shama n=ansible | TASK [restart_yaml_file : delete deployment.yaml] ***************************************************************************************************************************************************
2023-06-06 17:23:40,559 p=23412 u=shama n=ansible | fatal: [ismoil_server]: FAILED! => {"changed": true, "cmd": ["kubectl", "delete", "-f", "tmp/deployment.yaml", "/home/ismoil/Projects"], "delta": "0:00:00.217293", "end": "2023-06-06 07:23:27.939834", "msg": "non-zero return code", "rc": 1, "start": "2023-06-06 07:23:27.722541", "stderr": "the path \"tmp/deployment.yaml\" does not exist\narguments in resource/name form may not have more than one slash", "stderr_lines": ["the path \"tmp/deployment.yaml\" does not exist", "arguments in resource/name form may not have more than one slash"], "stdout": "", "stdout_lines": []}
2023-06-06 17:23:40,560 p=23412 u=shama n=ansible | PLAY RECAP ******************************************************************************************************************************************************************************************
2023-06-06 17:23:40,561 p=23412 u=shama n=ansible | ismoil_server              : ok=1    changed=0    unreachable=0    failed=1    skipped=0    rescued=0    ignored=0   
2023-06-06 17:24:40,227 p=25371 u=shama n=ansible | PLAY [ansible playbook] *****************************************************************************************************************************************************************************
2023-06-06 17:24:40,236 p=25371 u=shama n=ansible | TASK [Gathering Facts] ******************************************************************************************************************************************************************************
2023-06-06 17:25:00,624 p=25371 u=shama n=ansible | ok: [ismoil_server]
2023-06-06 17:25:00,643 p=25371 u=shama n=ansible | TASK [restart_yaml_file : delete deployment.yaml] ***************************************************************************************************************************************************
2023-06-06 17:25:10,913 p=25371 u=shama n=ansible | fatal: [ismoil_server]: FAILED! => {"changed": true, "cmd": ["kubectl", "delete", "-f", "tmp/deployment.yaml"], "delta": "0:00:00.165580", "end": "2023-06-06 07:24:58.286875", "msg": "non-zero return code", "rc": 1, "start": "2023-06-06 07:24:58.121295", "stderr": "error: the path \"tmp/deployment.yaml\" does not exist", "stderr_lines": ["error: the path \"tmp/deployment.yaml\" does not exist"], "stdout": "", "stdout_lines": []}
2023-06-06 17:25:10,914 p=25371 u=shama n=ansible | PLAY RECAP ******************************************************************************************************************************************************************************************
2023-06-06 17:25:10,914 p=25371 u=shama n=ansible | ismoil_server              : ok=1    changed=0    unreachable=0    failed=1    skipped=0    rescued=0    ignored=0   
2023-06-06 17:25:24,820 p=26440 u=shama n=ansible | PLAY [ansible playbook] *****************************************************************************************************************************************************************************
2023-06-06 17:25:24,828 p=26440 u=shama n=ansible | TASK [Gathering Facts] ******************************************************************************************************************************************************************************
2023-06-06 17:25:40,200 p=26440 u=shama n=ansible | ok: [ismoil_server]
2023-06-06 17:25:40,221 p=26440 u=shama n=ansible | TASK [restart_yaml_file : delete deployment.yaml] ***************************************************************************************************************************************************
2023-06-06 17:25:49,475 p=26440 u=shama n=ansible | changed: [ismoil_server]
2023-06-06 17:25:49,485 p=26440 u=shama n=ansible | TASK [restart_yaml_file : apply deployment.yaml] ****************************************************************************************************************************************************
2023-06-06 17:25:59,511 p=26440 u=shama n=ansible | fatal: [ismoil_server]: FAILED! => {"changed": true, "cmd": ["kubectl", "apply", "-f", "/tmp/{kubectl_file.file_name}}"], "delta": "0:00:00.652057", "end": "2023-06-06 07:25:46.114707", "msg": "non-zero return code", "rc": 1, "start": "2023-06-06 07:25:45.462650", "stderr": "error: the path \"/tmp/{kubectl_file.file_name}}\" does not exist", "stderr_lines": ["error: the path \"/tmp/{kubectl_file.file_name}}\" does not exist"], "stdout": "", "stdout_lines": []}
2023-06-06 17:25:59,514 p=26440 u=shama n=ansible | PLAY RECAP ******************************************************************************************************************************************************************************************
2023-06-06 17:25:59,515 p=26440 u=shama n=ansible | ismoil_server              : ok=2    changed=1    unreachable=0    failed=1    skipped=0    rescued=0    ignored=0   
2023-06-06 17:38:56,349 p=42653 u=shama n=ansible | PLAY [ansible playbook] *****************************************************************************************************************************************************************************
2023-06-06 17:38:56,357 p=42653 u=shama n=ansible | TASK [Gathering Facts] ******************************************************************************************************************************************************************************
2023-06-06 17:39:13,263 p=42653 u=shama n=ansible | ok: [ismoil_server]
2023-06-06 17:39:13,291 p=42653 u=shama n=ansible | TASK [restart_yaml_file : delete deployment.yaml] ***************************************************************************************************************************************************
2023-06-06 17:39:23,207 p=42653 u=shama n=ansible | changed: [ismoil_server]
2023-06-06 17:39:23,269 p=42653 u=shama n=ansible | PLAY RECAP ******************************************************************************************************************************************************************************************
2023-06-06 17:39:23,269 p=42653 u=shama n=ansible | ismoil_server              : ok=2    changed=1    unreachable=0    failed=0    skipped=0    rescued=0    ignored=0   
